Using pre-set license
Built from '2021.3/staging' branch; Version is '2021.3.5f1 (40eb3a945986) revision 4254522'; Using compiler version '192829333'; Build Type 'Release'
OS: 'Windows 10  (10.0.19044) 64bit Professional' Language: 'en' Physical Memory: 32672 MB
BatchMode: 1, IsHumanControllingUs: 0, StartBugReporterOnCrash: 0, Is64bit: 1, IsPro: 1

COMMAND LINE ARGUMENTS:
C:\Program Files\Unity\Hub\Editor\2021.3.5f1\Editor\Unity.exe
-adb2
-batchMode
-noUpm
-name
AssetImportWorker5
-projectPath
C:/Users/Cameron/OneDrive/Documents/unity_stuff/2d_sample/Rabby and Turty's Adventure
-logFile
Logs/AssetImportWorker5.log
-srvPort
52976
Successfully changed project path to: C:/Users/Cameron/OneDrive/Documents/unity_stuff/2d_sample/Rabby and Turty's Adventure
C:/Users/Cameron/OneDrive/Documents/unity_stuff/2d_sample/Rabby and Turty's Adventure
[UnityMemory] Configuration Parameters - Can be set up in boot.config
    "memorysetup-bucket-allocator-granularity=16"
    "memorysetup-bucket-allocator-bucket-count=8"
    "memorysetup-bucket-allocator-block-size=33554432"
    "memorysetup-bucket-allocator-block-count=8"
    "memorysetup-main-allocator-block-size=16777216"
    "memorysetup-thread-allocator-block-size=16777216"
    "memorysetup-gfx-main-allocator-block-size=16777216"
    "memorysetup-gfx-thread-allocator-block-size=16777216"
    "memorysetup-cache-allocator-block-size=4194304"
    "memorysetup-typetree-allocator-block-size=2097152"
    "memorysetup-profiler-bucket-allocator-granularity=16"
    "memorysetup-profiler-bucket-allocator-bucket-count=8"
    "memorysetup-profiler-bucket-allocator-block-size=33554432"
    "memorysetup-profiler-bucket-allocator-block-count=8"
    "memorysetup-profiler-allocator-block-size=16777216"
    "memorysetup-profiler-editor-allocator-block-size=1048576"
    "memorysetup-temp-allocator-size-main=16777216"
    "memorysetup-job-temp-allocator-block-size=2097152"
    "memorysetup-job-temp-allocator-block-size-background=1048576"
    "memorysetup-job-temp-allocator-reduction-small-platforms=262144"
    "memorysetup-temp-allocator-size-background-worker=32768"
    "memorysetup-temp-allocator-size-job-worker=262144"
    "memorysetup-temp-allocator-size-preload-manager=33554432"
    "memorysetup-temp-allocator-size-nav-mesh-worker=65536"
    "memorysetup-temp-allocator-size-audio-worker=65536"
    "memorysetup-temp-allocator-size-cloud-worker=32768"
    "memorysetup-temp-allocator-size-gi-baking-worker=262144"
    "memorysetup-temp-allocator-size-gfx=262144"
Refreshing native plugins compatible for Editor in 96.62 ms, found 4 plugins.
Preloading 0 native plugins for Editor in 0.00 ms.
Initialize engine version: 2021.3.5f1 (40eb3a945986)
[Subsystems] Discovering subsystems at path C:/Program Files/Unity/Hub/Editor/2021.3.5f1/Editor/Data/Resources/UnitySubsystems
[Subsystems] Discovering subsystems at path C:/Users/Cameron/OneDrive/Documents/unity_stuff/2d_sample/Rabby and Turty's Adventure/Assets
GfxDevice: creating device client; threaded=0; jobified=0
Direct3D:
    Version:  Direct3D 11.0 [level 11.1]
    Renderer: AMD Radeon RX 6600 (ID=0x73ff)
    Vendor:   ATI
    VRAM:     8147 MB
    Driver:   31.0.12029.10015
Initialize mono
Mono path[0] = 'C:/Program Files/Unity/Hub/Editor/2021.3.5f1/Editor/Data/Managed'
Mono path[1] = 'C:/Program Files/Unity/Hub/Editor/2021.3.5f1/Editor/Data/MonoBleedingEdge/lib/mono/unityjit-win32'
Mono config path = 'C:/Program Files/Unity/Hub/Editor/2021.3.5f1/Editor/Data/MonoBleedingEdge/etc'
Using monoOptions --debugger-agent=transport=dt_socket,embedding=1,server=y,suspend=n,address=127.0.0.1:56432
Begin MonoManager ReloadAssembly
Registering precompiled unity dll's ...
Register platform support module: C:/Program Files/Unity/Hub/Editor/2021.3.5f1/Editor/Data/PlaybackEngines/WindowsStandaloneSupport/UnityEditor.WindowsStandalone.Extensions.dll
Registered in 0.006767 seconds.
Native extension for WindowsStandalone target not found
Refreshing native plugins compatible for Editor in 94.49 ms, found 4 plugins.
Preloading 0 native plugins for Editor in 0.00 ms.
Mono: successfully reloaded assembly
- Completed reload, in  0.653 seconds
Domain Reload Profiling:
	ReloadAssembly (653ms)
		BeginReloadAssembly (69ms)
			ExecutionOrderSort (0ms)
			DisableScriptedObjects (0ms)
			BackupInstance (0ms)
			ReleaseScriptingObjects (0ms)
			CreateAndSetChildDomain (1ms)
		EndReloadAssembly (475ms)
			LoadAssemblies (67ms)
			RebuildTransferFunctionScriptingTraits (0ms)
			SetupTypeCache (107ms)
			ReleaseScriptCaches (0ms)
			RebuildScriptCaches (27ms)
			SetupLoadedEditorAssemblies (291ms)
				LogAssemblyErrors (0ms)
				InitializePlatformSupportModulesInManaged (8ms)
				SetLoadedEditorAssemblies (0ms)
				RefreshPlugins (95ms)
				BeforeProcessingInitializeOnLoad (1ms)
				ProcessInitializeOnLoadAttributes (142ms)
				ProcessInitializeOnLoadMethodAttributes (45ms)
				AfterProcessingInitializeOnLoad (0ms)
				EditorAssembliesLoaded (0ms)
			ExecutionOrderSort2 (0ms)
			AwakeInstancesAfterBackupRestoration (0ms)
Platform modules already initialized, skipping
Registering precompiled user dll's ...
Registered in 0.007043 seconds.
Begin MonoManager ReloadAssembly
Symbol file LoadedFromMemory doesn't match image C:\Users\Cameron\OneDrive\Documents\unity_stuff\2d_sample\Rabby and Turty's Adventure\Library\PackageCache\com.unity.visualscripting@1.7.8\Editor\VisualScripting.Core\Dependencies\YamlDotNet\Unity.VisualScripting.YamlDotNet.dll
Symbol file LoadedFromMemory doesn't match image C:\Users\Cameron\OneDrive\Documents\unity_stuff\2d_sample\Rabby and Turty's Adventure\Library\PackageCache\com.unity.visualscripting@1.7.8\Editor\VisualScripting.Core\Dependencies\DotNetZip\Unity.VisualScripting.IonicZip.dll
Native extension for WindowsStandalone target not found
Refreshing native plugins compatible for Editor in 91.08 ms, found 4 plugins.
Preloading 0 native plugins for Editor in 0.00 ms.
Mono: successfully reloaded assembly
- Completed reload, in  1.124 seconds
Domain Reload Profiling:
	ReloadAssembly (1125ms)
		BeginReloadAssembly (104ms)
			ExecutionOrderSort (0ms)
			DisableScriptedObjects (5ms)
			BackupInstance (0ms)
			ReleaseScriptingObjects (0ms)
			CreateAndSetChildDomain (17ms)
		EndReloadAssembly (904ms)
			LoadAssemblies (84ms)
			RebuildTransferFunctionScriptingTraits (0ms)
			SetupTypeCache (225ms)
			ReleaseScriptCaches (1ms)
			RebuildScriptCaches (59ms)
			SetupLoadedEditorAssemblies (491ms)
				LogAssemblyErrors (0ms)
				InitializePlatformSupportModulesInManaged (4ms)
				SetLoadedEditorAssemblies (0ms)
				RefreshPlugins (91ms)
				BeforeProcessingInitializeOnLoad (102ms)
				ProcessInitializeOnLoadAttributes (243ms)
				ProcessInitializeOnLoadMethodAttributes (43ms)
				AfterProcessingInitializeOnLoad (8ms)
				EditorAssembliesLoaded (0ms)
			ExecutionOrderSort2 (0ms)
			AwakeInstancesAfterBackupRestoration (6ms)
Platform modules already initialized, skipping
========================================================================
Worker process is ready to serve import requests
Launched and connected shader compiler UnityShaderCompiler.exe after 0.05 seconds
Refreshing native plugins compatible for Editor in 1.15 ms, found 4 plugins.
Preloading 0 native plugins for Editor in 0.00 ms.
Unloading 4057 Unused Serialized files (Serialized files now loaded: 0)
Unloading 44 unused Assets / (222.8 KB). Loaded Objects now: 4506.
Memory consumption went from 152.3 MB to 152.0 MB.
Total: 3.498700 ms (FindLiveObjects: 0.372100 ms CreateObjectMapping: 0.105900 ms MarkObjects: 2.850400 ms  DeleteObjects: 0.168600 ms)

AssetImportParameters requested are different than current active one (requested -> active):
  custom:video-decoder-ogg-theora: a1e56fd34408186e4bbccfd4996cb3dc -> 
  custom:container-muxer-webm: aa71ff27fc2769a1b78a27578f13a17b -> 
  custom:container-demuxer-webm: 4f35f7cbe854078d1ac9338744f61a02 -> 
  custom:video-encoder-webm-vp8: eb34c28f22e8b96e1ab97ce403110664 -> 
  custom:audio-encoder-webm-vorbis: bf7c407c2cedff20999df2af8eb42d56 -> 
  custom:framework-win-MediaFoundation: 216162199b28c13a410421893ffa2e32 -> 
  custom:container-demuxer-ogg: 62fdf1f143b41e24485cea50d1cbac27 -> 
  custom:video-decoder-webm-vp8: 9c59270c3fd7afecdb556c50c9e8de78 -> 
  custom:audio-decoder-ogg-vorbis: bf7c407c2cedff20999df2af8eb42d56 -> 
========================================================================
Received Import Request.
  Time since last request: 1255173.680581 seconds.
  path: Assets/Art/Levels/RandTMap_63.asset
  artifactKey: Guid(c0b1c4f8c7d850a49979653ef7347753) Importer(815301076,1909f56bfc062723c751e8b465ee728b)
Start importing Assets/Art/Levels/RandTMap_63.asset using Guid(c0b1c4f8c7d850a49979653ef7347753) Importer(815301076,1909f56bfc062723c751e8b465ee728b)  -> (artifact id: '7d85282a6b1397eb7c2344e9da8aa026') in 0.085789 seconds 
========================================================================
Received Prepare
Registering precompiled user dll's ...
Registered in 0.005862 seconds.
Begin MonoManager ReloadAssembly
Symbol file LoadedFromMemory doesn't match image C:\Users\Cameron\OneDrive\Documents\unity_stuff\2d_sample\Rabby and Turty's Adventure\Library\PackageCache\com.unity.visualscripting@1.7.8\Editor\VisualScripting.Core\Dependencies\YamlDotNet\Unity.VisualScripting.YamlDotNet.dll
Symbol file LoadedFromMemory doesn't match image C:\Users\Cameron\OneDrive\Documents\unity_stuff\2d_sample\Rabby and Turty's Adventure\Library\PackageCache\com.unity.visualscripting@1.7.8\Editor\VisualScripting.Core\Dependencies\DotNetZip\Unity.VisualScripting.IonicZip.dll
Native extension for WindowsStandalone target not found
Refreshing native plugins compatible for Editor in 1.11 ms, found 4 plugins.
Preloading 0 native plugins for Editor in 0.00 ms.
Mono: successfully reloaded assembly
- Completed reload, in  1.018 seconds
Domain Reload Profiling:
	ReloadAssembly (1019ms)
		BeginReloadAssembly (126ms)
			ExecutionOrderSort (0ms)
			DisableScriptedObjects (6ms)
			BackupInstance (0ms)
			ReleaseScriptingObjects (0ms)
			CreateAndSetChildDomain (34ms)
		EndReloadAssembly (791ms)
			LoadAssemblies (84ms)
			RebuildTransferFunctionScriptingTraits (0ms)
			SetupTypeCache (246ms)
			ReleaseScriptCaches (2ms)
			RebuildScriptCaches (45ms)
			SetupLoadedEditorAssemblies (361ms)
				LogAssemblyErrors (0ms)
				InitializePlatformSupportModulesInManaged (13ms)
				SetLoadedEditorAssemblies (1ms)
				RefreshPlugins (1ms)
				BeforeProcessingInitializeOnLoad (89ms)
				ProcessInitializeOnLoadAttributes (205ms)
				ProcessInitializeOnLoadMethodAttributes (43ms)
				AfterProcessingInitializeOnLoad (9ms)
				EditorAssembliesLoaded (0ms)
			ExecutionOrderSort2 (0ms)
			AwakeInstancesAfterBackupRestoration (9ms)
Platform modules already initialized, skipping
Refreshing native plugins compatible for Editor in 2.42 ms, found 4 plugins.
Preloading 0 native plugins for Editor in 0.00 ms.
Unloading 4055 Unused Serialized files (Serialized files now loaded: 0)
Unloading 31 unused Assets / (190.0 KB). Loaded Objects now: 4514.
Memory consumption went from 152.4 MB to 152.2 MB.
Total: 3.417300 ms (FindLiveObjects: 0.328000 ms CreateObjectMapping: 0.096600 ms MarkObjects: 2.847700 ms  DeleteObjects: 0.143600 ms)

AssetImportParameters requested are different than current active one (requested -> active):
  custom:video-decoder-ogg-theora: a1e56fd34408186e4bbccfd4996cb3dc -> 
  custom:container-muxer-webm: aa71ff27fc2769a1b78a27578f13a17b -> 
  custom:container-demuxer-webm: 4f35f7cbe854078d1ac9338744f61a02 -> 
  custom:video-encoder-webm-vp8: eb34c28f22e8b96e1ab97ce403110664 -> 
  custom:audio-encoder-webm-vorbis: bf7c407c2cedff20999df2af8eb42d56 -> 
  custom:framework-win-MediaFoundation: 216162199b28c13a410421893ffa2e32 -> 
  custom:container-demuxer-ogg: 62fdf1f143b41e24485cea50d1cbac27 -> 
  custom:video-decoder-webm-vp8: 9c59270c3fd7afecdb556c50c9e8de78 -> 
  custom:audio-decoder-ogg-vorbis: bf7c407c2cedff20999df2af8eb42d56 -> 
========================================================================
Received Import Request.
  Time since last request: 1046.835993 seconds.
  path: Assets/Scenes
  artifactKey: Guid(131a6b21c8605f84396be9f6751fb6e3) Importer(815301076,1909f56bfc062723c751e8b465ee728b)
Start importing Assets/Scenes using Guid(131a6b21c8605f84396be9f6751fb6e3) Importer(815301076,1909f56bfc062723c751e8b465ee728b)  -> (artifact id: '2c23e514d24f6b65fe96946cd87fc526') in 0.012906 seconds 
========================================================================
Received Import Request.
  Time since last request: 289.433380 seconds.
  path: Assets/Turty/Turty - Walking.png
  artifactKey: Guid(f2432b51256ca1644a2f5a0b9ad2294f) Importer(815301076,1909f56bfc062723c751e8b465ee728b)
Start importing Assets/Turty/Turty - Walking.png using Guid(f2432b51256ca1644a2f5a0b9ad2294f) Importer(815301076,1909f56bfc062723c751e8b465ee728b)  -> (artifact id: '751953d24a59ee0d6d88db2279afb0e4') in 0.156027 seconds 
========================================================================
Received Import Request.
  Time since last request: 53.938088 seconds.
  path: Assets/Prefabs/Player Turtle.prefab
  artifactKey: Guid(c9906eda167a38843b1628272196d21e) Importer(815301076,1909f56bfc062723c751e8b465ee728b)
Start importing Assets/Prefabs/Player Turtle.prefab using Guid(c9906eda167a38843b1628272196d21e) Importer(815301076,1909f56bfc062723c751e8b465ee728b)  -> (artifact id: '0d57081ecee6134f2edebc06bb823cb4') in 0.055452 seconds 
========================================================================
Received Prepare
Registering precompiled user dll's ...
Registered in 0.006772 seconds.
Begin MonoManager ReloadAssembly
Symbol file LoadedFromMemory doesn't match image C:\Users\Cameron\OneDrive\Documents\unity_stuff\2d_sample\Rabby and Turty's Adventure\Library\PackageCache\com.unity.visualscripting@1.7.8\Editor\VisualScripting.Core\Dependencies\YamlDotNet\Unity.VisualScripting.YamlDotNet.dll
Symbol file LoadedFromMemory doesn't match image C:\Users\Cameron\OneDrive\Documents\unity_stuff\2d_sample\Rabby and Turty's Adventure\Library\PackageCache\com.unity.visualscripting@1.7.8\Editor\VisualScripting.Core\Dependencies\DotNetZip\Unity.VisualScripting.IonicZip.dll
Native extension for WindowsStandalone target not found
Refreshing native plugins compatible for Editor in 1.08 ms, found 4 plugins.
Preloading 0 native plugins for Editor in 0.00 ms.
Mono: successfully reloaded assembly
- Completed reload, in  1.007 seconds
Domain Reload Profiling:
	ReloadAssembly (1008ms)
		BeginReloadAssembly (123ms)
			ExecutionOrderSort (0ms)
			DisableScriptedObjects (6ms)
			BackupInstance (0ms)
			ReleaseScriptingObjects (0ms)
			CreateAndSetChildDomain (34ms)
		EndReloadAssembly (781ms)
			LoadAssemblies (85ms)
			RebuildTransferFunctionScriptingTraits (0ms)
			SetupTypeCache (237ms)
			ReleaseScriptCaches (1ms)
			RebuildScriptCaches (44ms)
			SetupLoadedEditorAssemblies (370ms)
				LogAssemblyErrors (0ms)
				InitializePlatformSupportModulesInManaged (15ms)
				SetLoadedEditorAssemblies (1ms)
				RefreshPlugins (1ms)
				BeforeProcessingInitializeOnLoad (80ms)
				ProcessInitializeOnLoadAttributes (225ms)
				ProcessInitializeOnLoadMethodAttributes (41ms)
				AfterProcessingInitializeOnLoad (8ms)
				EditorAssembliesLoaded (0ms)
			ExecutionOrderSort2 (0ms)
			AwakeInstancesAfterBackupRestoration (8ms)
Platform modules already initialized, skipping
Refreshing native plugins compatible for Editor in 2.34 ms, found 4 plugins.
Preloading 0 native plugins for Editor in 0.00 ms.
Unloading 4055 Unused Serialized files (Serialized files now loaded: 0)
Unloading 31 unused Assets / (189.9 KB). Loaded Objects now: 4527.
Memory consumption went from 156.8 MB to 156.6 MB.
Total: 3.347200 ms (FindLiveObjects: 0.309000 ms CreateObjectMapping: 0.100900 ms MarkObjects: 2.799400 ms  DeleteObjects: 0.136600 ms)

AssetImportParameters requested are different than current active one (requested -> active):
  custom:video-decoder-ogg-theora: a1e56fd34408186e4bbccfd4996cb3dc -> 
  custom:container-muxer-webm: aa71ff27fc2769a1b78a27578f13a17b -> 
  custom:container-demuxer-webm: 4f35f7cbe854078d1ac9338744f61a02 -> 
  custom:video-encoder-webm-vp8: eb34c28f22e8b96e1ab97ce403110664 -> 
  custom:audio-encoder-webm-vorbis: bf7c407c2cedff20999df2af8eb42d56 -> 
  custom:framework-win-MediaFoundation: 216162199b28c13a410421893ffa2e32 -> 
  custom:container-demuxer-ogg: 62fdf1f143b41e24485cea50d1cbac27 -> 
  custom:video-decoder-webm-vp8: 9c59270c3fd7afecdb556c50c9e8de78 -> 
  custom:audio-decoder-ogg-vorbis: bf7c407c2cedff20999df2af8eb42d56 -> 
========================================================================
Received Prepare
Registering precompiled user dll's ...
Registered in 0.007960 seconds.
Begin MonoManager ReloadAssembly
Symbol file LoadedFromMemory doesn't match image C:\Users\Cameron\OneDrive\Documents\unity_stuff\2d_sample\Rabby and Turty's Adventure\Library\PackageCache\com.unity.visualscripting@1.7.8\Editor\VisualScripting.Core\Dependencies\YamlDotNet\Unity.VisualScripting.YamlDotNet.dll
Symbol file LoadedFromMemory doesn't match image C:\Users\Cameron\OneDrive\Documents\unity_stuff\2d_sample\Rabby and Turty's Adventure\Library\PackageCache\com.unity.visualscripting@1.7.8\Editor\VisualScripting.Core\Dependencies\DotNetZip\Unity.VisualScripting.IonicZip.dll
Native extension for WindowsStandalone target not found
Refreshing native plugins compatible for Editor in 0.79 ms, found 4 plugins.
Preloading 0 native plugins for Editor in 0.00 ms.
Mono: successfully reloaded assembly
- Completed reload, in  1.020 seconds
Domain Reload Profiling:
	ReloadAssembly (1021ms)
		BeginReloadAssembly (119ms)
			ExecutionOrderSort (0ms)
			DisableScriptedObjects (6ms)
			BackupInstance (0ms)
			ReleaseScriptingObjects (0ms)
			CreateAndSetChildDomain (32ms)
		EndReloadAssembly (796ms)
			LoadAssemblies (86ms)
			RebuildTransferFunctionScriptingTraits (0ms)
			SetupTypeCache (240ms)
			ReleaseScriptCaches (1ms)
			RebuildScriptCaches (45ms)
			SetupLoadedEditorAssemblies (368ms)
				LogAssemblyErrors (0ms)
				InitializePlatformSupportModulesInManaged (13ms)
				SetLoadedEditorAssemblies (0ms)
				RefreshPlugins (1ms)
				BeforeProcessingInitializeOnLoad (84ms)
				ProcessInitializeOnLoadAttributes (215ms)
				ProcessInitializeOnLoadMethodAttributes (43ms)
				AfterProcessingInitializeOnLoad (11ms)
				EditorAssembliesLoaded (0ms)
			ExecutionOrderSort2 (0ms)
			AwakeInstancesAfterBackupRestoration (10ms)
Platform modules already initialized, skipping
Refreshing native plugins compatible for Editor in 2.44 ms, found 4 plugins.
Preloading 0 native plugins for Editor in 0.00 ms.
Unloading 4055 Unused Serialized files (Serialized files now loaded: 0)
Unloading 31 unused Assets / (189.8 KB). Loaded Objects now: 4530.
Memory consumption went from 156.8 MB to 156.6 MB.
Total: 3.148600 ms (FindLiveObjects: 0.309300 ms CreateObjectMapping: 0.106300 ms MarkObjects: 2.598000 ms  DeleteObjects: 0.133700 ms)

AssetImportParameters requested are different than current active one (requested -> active):
  custom:video-decoder-ogg-theora: a1e56fd34408186e4bbccfd4996cb3dc -> 
  custom:container-muxer-webm: aa71ff27fc2769a1b78a27578f13a17b -> 
  custom:container-demuxer-webm: 4f35f7cbe854078d1ac9338744f61a02 -> 
  custom:video-encoder-webm-vp8: eb34c28f22e8b96e1ab97ce403110664 -> 
  custom:audio-encoder-webm-vorbis: bf7c407c2cedff20999df2af8eb42d56 -> 
  custom:framework-win-MediaFoundation: 216162199b28c13a410421893ffa2e32 -> 
  custom:container-demuxer-ogg: 62fdf1f143b41e24485cea50d1cbac27 -> 
  custom:video-decoder-webm-vp8: 9c59270c3fd7afecdb556c50c9e8de78 -> 
  custom:audio-decoder-ogg-vorbis: bf7c407c2cedff20999df2af8eb42d56 -> 
========================================================================
Received Import Request.
  Time since last request: 164.529625 seconds.
  path: Assets/Prefabs/Wall Collider.prefab
  artifactKey: Guid(160828d024f4cd547b1d4ffbcaea83b2) Importer(815301076,1909f56bfc062723c751e8b465ee728b)
Start importing Assets/Prefabs/Wall Collider.prefab using Guid(160828d024f4cd547b1d4ffbcaea83b2) Importer(815301076,1909f56bfc062723c751e8b465ee728b)  -> (artifact id: 'b3f330d99a1d5cb4f91b8841f6e8b936') in 0.033009 seconds 
========================================================================
Received Prepare
Registering precompiled user dll's ...
Registered in 0.008008 seconds.
Begin MonoManager ReloadAssembly
Symbol file LoadedFromMemory doesn't match image C:\Users\Cameron\OneDrive\Documents\unity_stuff\2d_sample\Rabby and Turty's Adventure\Library\PackageCache\com.unity.visualscripting@1.7.8\Editor\VisualScripting.Core\Dependencies\YamlDotNet\Unity.VisualScripting.YamlDotNet.dll
Symbol file LoadedFromMemory doesn't match image C:\Users\Cameron\OneDrive\Documents\unity_stuff\2d_sample\Rabby and Turty's Adventure\Library\PackageCache\com.unity.visualscripting@1.7.8\Editor\VisualScripting.Core\Dependencies\DotNetZip\Unity.VisualScripting.IonicZip.dll
Native extension for WindowsStandalone target not found
Refreshing native plugins compatible for Editor in 0.61 ms, found 4 plugins.
Preloading 0 native plugins for Editor in 0.00 ms.
Mono: successfully reloaded assembly
- Completed reload, in  0.969 seconds
Domain Reload Profiling:
	ReloadAssembly (970ms)
		BeginReloadAssembly (116ms)
			ExecutionOrderSort (0ms)
			DisableScriptedObjects (6ms)
			BackupInstance (0ms)
			ReleaseScriptingObjects (0ms)
			CreateAndSetChildDomain (32ms)
		EndReloadAssembly (762ms)
			LoadAssemblies (78ms)
			RebuildTransferFunctionScriptingTraits (0ms)
			SetupTypeCache (228ms)
			ReleaseScriptCaches (2ms)
			RebuildScriptCaches (46ms)
			SetupLoadedEditorAssemblies (355ms)
				LogAssemblyErrors (0ms)
				InitializePlatformSupportModulesInManaged (13ms)
				SetLoadedEditorAssemblies (0ms)
				RefreshPlugins (1ms)
				BeforeProcessingInitializeOnLoad (80ms)
				ProcessInitializeOnLoadAttributes (217ms)
				ProcessInitializeOnLoadMethodAttributes (37ms)
				AfterProcessingInitializeOnLoad (7ms)
				EditorAssembliesLoaded (0ms)
			ExecutionOrderSort2 (0ms)
			AwakeInstancesAfterBackupRestoration (7ms)
Platform modules already initialized, skipping
Refreshing native plugins compatible for Editor in 2.40 ms, found 4 plugins.
Preloading 0 native plugins for Editor in 0.00 ms.
Unloading 4055 Unused Serialized files (Serialized files now loaded: 0)
Unloading 31 unused Assets / (190.3 KB). Loaded Objects now: 4533.
Memory consumption went from 156.8 MB to 156.6 MB.
Total: 3.442400 ms (FindLiveObjects: 0.324700 ms CreateObjectMapping: 0.099300 ms MarkObjects: 2.865500 ms  DeleteObjects: 0.151200 ms)

AssetImportParameters requested are different than current active one (requested -> active):
  custom:video-decoder-ogg-theora: a1e56fd34408186e4bbccfd4996cb3dc -> 
  custom:container-muxer-webm: aa71ff27fc2769a1b78a27578f13a17b -> 
  custom:container-demuxer-webm: 4f35f7cbe854078d1ac9338744f61a02 -> 
  custom:video-encoder-webm-vp8: eb34c28f22e8b96e1ab97ce403110664 -> 
  custom:audio-encoder-webm-vorbis: bf7c407c2cedff20999df2af8eb42d56 -> 
  custom:framework-win-MediaFoundation: 216162199b28c13a410421893ffa2e32 -> 
  custom:container-demuxer-ogg: 62fdf1f143b41e24485cea50d1cbac27 -> 
  custom:video-decoder-webm-vp8: 9c59270c3fd7afecdb556c50c9e8de78 -> 
  custom:audio-decoder-ogg-vorbis: bf7c407c2cedff20999df2af8eb42d56 -> 
========================================================================
Received Import Request.
  Time since last request: 889.302033 seconds.
  path: Assets/Art/Levels/RandTMap_0.asset
  artifactKey: Guid(54b299e9dedb4434d9911334c21e6610) Importer(815301076,1909f56bfc062723c751e8b465ee728b)
Start importing Assets/Art/Levels/RandTMap_0.asset using Guid(54b299e9dedb4434d9911334c21e6610) Importer(815301076,1909f56bfc062723c751e8b465ee728b)  -> (artifact id: '9223e303ad0496912a8e8b3ccc04f3b5') in 0.054184 seconds 
========================================================================
Received Import Request.
  Time since last request: 0.000024 seconds.
  path: Assets/Art/Levels/RandTMap_16.asset
  artifactKey: Guid(c90d090dc7fb8224eadc305946a1962a) Importer(815301076,1909f56bfc062723c751e8b465ee728b)
Start importing Assets/Art/Levels/RandTMap_16.asset using Guid(c90d090dc7fb8224eadc305946a1962a) Importer(815301076,1909f56bfc062723c751e8b465ee728b)  -> (artifact id: '71ec9b805830131fd06bcd3c2b12ee9f') in 0.011139 seconds 
========================================================================
Received Import Request.
  Time since last request: 0.000020 seconds.
  path: Assets/Art/Levels/RandTMap_23.asset
  artifactKey: Guid(d1c15daade453c7419d82790c28d3c1f) Importer(815301076,1909f56bfc062723c751e8b465ee728b)
Start importing Assets/Art/Levels/RandTMap_23.asset using Guid(d1c15daade453c7419d82790c28d3c1f) Importer(815301076,1909f56bfc062723c751e8b465ee728b)  -> (artifact id: '8da900e3c9dfbb4d1e4bf3869539aa74') in 0.011794 seconds 
========================================================================
Received Import Request.
  Time since last request: 0.000031 seconds.
  path: Assets/Art/Levels/RandTMap_25.asset
  artifactKey: Guid(80f98f71950c15f45b479940b0295cbd) Importer(815301076,1909f56bfc062723c751e8b465ee728b)
Start importing Assets/Art/Levels/RandTMap_25.asset using Guid(80f98f71950c15f45b479940b0295cbd) Importer(815301076,1909f56bfc062723c751e8b465ee728b)  -> (artifact id: 'a7668e387d71319033bd0d319be09ac6') in 0.011863 seconds 
========================================================================
Received Import Request.
  Time since last request: 0.000020 seconds.
  path: Assets/Art/Levels/RandTMap_27.asset
  artifactKey: Guid(9f2f580127578e04a8f28b016bc36780) Importer(815301076,1909f56bfc062723c751e8b465ee728b)
Start importing Assets/Art/Levels/RandTMap_27.asset using Guid(9f2f580127578e04a8f28b016bc36780) Importer(815301076,1909f56bfc062723c751e8b465ee728b)  -> (artifact id: '0502a2cab0e0dd6ab310e3be92078432') in 0.011213 seconds 
========================================================================
Received Import Request.
  Time since last request: 0.000029 seconds.
  path: Assets/Art/Levels/RandTMap_22.asset
  artifactKey: Guid(1bf67ace9faa0824fbdd7aad1b5673ec) Importer(815301076,1909f56bfc062723c751e8b465ee728b)
Start importing Assets/Art/Levels/RandTMap_22.asset using Guid(1bf67ace9faa0824fbdd7aad1b5673ec) Importer(815301076,1909f56bfc062723c751e8b465ee728b)  -> (artifact id: '25c1f228b02cbb885ed8ffd83a4ba5f7') in 0.011132 seconds 
========================================================================
Received Import Request.
  Time since last request: 0.000034 seconds.
  path: Assets/Art/Levels/RandTMap_33.asset
  artifactKey: Guid(c8326e941392f2345b98388fbf5f7afd) Importer(815301076,1909f56bfc062723c751e8b465ee728b)
Start importing Assets/Art/Levels/RandTMap_33.asset using Guid(c8326e941392f2345b98388fbf5f7afd) Importer(815301076,1909f56bfc062723c751e8b465ee728b)  -> (artifact id: '5c6c444e305a13bdc866933bc24a1120') in 0.011825 seconds 
========================================================================
Received Import Request.
  Time since last request: 0.000020 seconds.
  path: Assets/Art/Levels/RandTMap_1.asset
  artifactKey: Guid(72791bd02caba9b4aa1b91c173408902) Importer(815301076,1909f56bfc062723c751e8b465ee728b)
Start importing Assets/Art/Levels/RandTMap_1.asset using Guid(72791bd02caba9b4aa1b91c173408902) Importer(815301076,1909f56bfc062723c751e8b465ee728b)  -> (artifact id: '9eda2f29abc9caf096100d2785b4fa24') in 0.010836 seconds 
========================================================================
Received Import Request.
  Time since last request: 0.000024 seconds.
  path: Assets/Art/Levels/RandTMap_26.asset
  artifactKey: Guid(9c94861be72580f479e1b05762ceabe0) Importer(815301076,1909f56bfc062723c751e8b465ee728b)
Start importing Assets/Art/Levels/RandTMap_26.asset using Guid(9c94861be72580f479e1b05762ceabe0) Importer(815301076,1909f56bfc062723c751e8b465ee728b)  -> (artifact id: '62e588ec4756fd7c7fa42ed8efe8af80') in 0.010735 seconds 
========================================================================
Received Import Request.
  Time since last request: 0.000021 seconds.
  path: Assets/Art/Levels/RandTMap_56.asset
  artifactKey: Guid(54e159f6cb855b34ba6b450af716142d) Importer(815301076,1909f56bfc062723c751e8b465ee728b)
Start importing Assets/Art/Levels/RandTMap_56.asset using Guid(54e159f6cb855b34ba6b450af716142d) Importer(815301076,1909f56bfc062723c751e8b465ee728b)  -> (artifact id: '6c16d210530ce23a99751cf1a9f07660') in 0.013999 seconds 
========================================================================
Received Import Request.
  Time since last request: 0.000029 seconds.
  path: Assets/Art/Levels/RandTMap_50.asset
  artifactKey: Guid(d2e9c07f830ae5840b5a4daa0c80005e) Importer(815301076,1909f56bfc062723c751e8b465ee728b)
Start importing Assets/Art/Levels/RandTMap_50.asset using Guid(d2e9c07f830ae5840b5a4daa0c80005e) Importer(815301076,1909f56bfc062723c751e8b465ee728b)  -> (artifact id: '70db856ad384f62c48105dd5a0a88785') in 0.012219 seconds 
========================================================================
Received Import Request.
  Time since last request: 0.000025 seconds.
  path: Assets/Art/Levels/RandTMap_39.asset
  artifactKey: Guid(dcae0ab305c82734cac64316d1abd53a) Importer(815301076,1909f56bfc062723c751e8b465ee728b)
Start importing Assets/Art/Levels/RandTMap_39.asset using Guid(dcae0ab305c82734cac64316d1abd53a) Importer(815301076,1909f56bfc062723c751e8b465ee728b)  -> (artifact id: '38a208e0fbf021de794ca193212c1da7') in 0.011212 seconds 
========================================================================
Received Import Request.
  Time since last request: 0.000018 seconds.
  path: Assets/Art/Levels/RandTMap_37.asset
  artifactKey: Guid(d9d8de3a2b61ac8408ba833200885e9f) Importer(815301076,1909f56bfc062723c751e8b465ee728b)
Start importing Assets/Art/Levels/RandTMap_37.asset using Guid(d9d8de3a2b61ac8408ba833200885e9f) Importer(815301076,1909f56bfc062723c751e8b465ee728b)  -> (artifact id: 'd2df7da9fec794871aab0df74e739629') in 0.012445 seconds 
========================================================================
Received Import Request.
  Time since last request: 0.000023 seconds.
  path: Assets/Art/Levels/RandTMap_3.asset
  artifactKey: Guid(f8eed84faadd50a4ca5dca1ac6640011) Importer(815301076,1909f56bfc062723c751e8b465ee728b)
Start importing Assets/Art/Levels/RandTMap_3.asset using Guid(f8eed84faadd50a4ca5dca1ac6640011) Importer(815301076,1909f56bfc062723c751e8b465ee728b)  -> (artifact id: '85b797e4bcbe279dee7d2c0c80c120ae') in 0.011309 seconds 
========================================================================
Received Import Request.
  Time since last request: 0.000019 seconds.
  path: Assets/Art/Levels/RandTMap_15.asset
  artifactKey: Guid(9e739f15cef51124789fcf75e9da6ce3) Importer(815301076,1909f56bfc062723c751e8b465ee728b)
Start importing Assets/Art/Levels/RandTMap_15.asset using Guid(9e739f15cef51124789fcf75e9da6ce3) Importer(815301076,1909f56bfc062723c751e8b465ee728b)  -> (artifact id: '7b76ede82a105f0b624bf729643ead02') in 0.014196 seconds 
========================================================================
Received Import Request.
  Time since last request: 0.000024 seconds.
  path: Assets/Art/Levels/RandTMap_34.asset
  artifactKey: Guid(64fab0b10a318c24cbb071044a75f300) Importer(815301076,1909f56bfc062723c751e8b465ee728b)
Start importing Assets/Art/Levels/RandTMap_34.asset using Guid(64fab0b10a318c24cbb071044a75f300) Importer(815301076,1909f56bfc062723c751e8b465ee728b)  -> (artifact id: '9a91738df9fef3bf21e46ab74a602131') in 0.012574 seconds 
========================================================================
Received Import Request.
  Time since last request: 0.000026 seconds.
  path: Assets/Art/Levels/RandTMap_53.asset
  artifactKey: Guid(0538086ef1f642f44bdd42a1f084d434) Importer(815301076,1909f56bfc062723c751e8b465ee728b)
Start importing Assets/Art/Levels/RandTMap_53.asset using Guid(0538086ef1f642f44bdd42a1f084d434) Importer(815301076,1909f56bfc062723c751e8b465ee728b)  -> (artifact id: 'ad559c514f584a2544a6e44807ef24be') in 0.011878 seconds 
========================================================================
Received Import Request.
  Time since last request: 0.000024 seconds.
  path: Assets/Art/Levels/RandTMap_14.asset
  artifactKey: Guid(336162478ed096c48af70eb8960c427e) Importer(815301076,1909f56bfc062723c751e8b465ee728b)
Start importing Assets/Art/Levels/RandTMap_14.asset using Guid(336162478ed096c48af70eb8960c427e) Importer(815301076,1909f56bfc062723c751e8b465ee728b)  -> (artifact id: 'f0c19bde48af1f4a113148691a4db608') in 0.011066 seconds 
========================================================================
Received Import Request.
  Time since last request: 0.000029 seconds.
  path: Assets/Art/Levels/RandTMap_55.asset
  artifactKey: Guid(977d2bcf9a3e0a74ab6a4626656e3a68) Importer(815301076,1909f56bfc062723c751e8b465ee728b)
Start importing Assets/Art/Levels/RandTMap_55.asset using Guid(977d2bcf9a3e0a74ab6a4626656e3a68) Importer(815301076,1909f56bfc062723c751e8b465ee728b)  -> (artifact id: '4f64794351ddef91f72afd073634b7df') in 0.011931 seconds 
Editor requested this worker to shutdown with reason: Scaling down because of idle timeout
AssetImportWorker is now disconnected from the server
Process exiting
Exiting without the bug reporter. Application will terminate with return code 0