Using pre-set license
Built from '2021.3/staging' branch; Version is '2021.3.5f1 (40eb3a945986) revision 4254522'; Using compiler version '192829333'; Build Type 'Release'
OS: 'Windows 10  (10.0.19044) 64bit Professional' Language: 'en' Physical Memory: 32672 MB
BatchMode: 1, IsHumanControllingUs: 0, StartBugReporterOnCrash: 0, Is64bit: 1, IsPro: 1

COMMAND LINE ARGUMENTS:
C:\Program Files\Unity\Hub\Editor\2021.3.5f1\Editor\Unity.exe
-adb2
-batchMode
-noUpm
-name
AssetImportWorker1
-projectPath
C:/Users/Cameron/OneDrive/Documents/unity_stuff/2d_sample/Rabby and Turty's Adventure
-logFile
Logs/AssetImportWorker1.log
-srvPort
52976
Successfully changed project path to: C:/Users/Cameron/OneDrive/Documents/unity_stuff/2d_sample/Rabby and Turty's Adventure
C:/Users/Cameron/OneDrive/Documents/unity_stuff/2d_sample/Rabby and Turty's Adventure
[UnityMemory] Configuration Parameters - Can be set up in boot.config
    "memorysetup-bucket-allocator-granularity=16"
    "memorysetup-bucket-allocator-bucket-count=8"
    "memorysetup-bucket-allocator-block-size=33554432"
    "memorysetup-bucket-allocator-block-count=8"
    "memorysetup-main-allocator-block-size=16777216"
    "memorysetup-thread-allocator-block-size=16777216"
    "memorysetup-gfx-main-allocator-block-size=16777216"
    "memorysetup-gfx-thread-allocator-block-size=16777216"
    "memorysetup-cache-allocator-block-size=4194304"
    "memorysetup-typetree-allocator-block-size=2097152"
    "memorysetup-profiler-bucket-allocator-granularity=16"
    "memorysetup-profiler-bucket-allocator-bucket-count=8"
    "memorysetup-profiler-bucket-allocator-block-size=33554432"
    "memorysetup-profiler-bucket-allocator-block-count=8"
    "memorysetup-profiler-allocator-block-size=16777216"
    "memorysetup-profiler-editor-allocator-block-size=1048576"
    "memorysetup-temp-allocator-size-main=16777216"
    "memorysetup-job-temp-allocator-block-size=2097152"
    "memorysetup-job-temp-allocator-block-size-background=1048576"
    "memorysetup-job-temp-allocator-reduction-small-platforms=262144"
    "memorysetup-temp-allocator-size-background-worker=32768"
    "memorysetup-temp-allocator-size-job-worker=262144"
    "memorysetup-temp-allocator-size-preload-manager=33554432"
    "memorysetup-temp-allocator-size-nav-mesh-worker=65536"
    "memorysetup-temp-allocator-size-audio-worker=65536"
    "memorysetup-temp-allocator-size-cloud-worker=32768"
    "memorysetup-temp-allocator-size-gi-baking-worker=262144"
    "memorysetup-temp-allocator-size-gfx=262144"
Refreshing native plugins compatible for Editor in 87.29 ms, found 4 plugins.
Preloading 0 native plugins for Editor in 0.00 ms.
Initialize engine version: 2021.3.5f1 (40eb3a945986)
[Subsystems] Discovering subsystems at path C:/Program Files/Unity/Hub/Editor/2021.3.5f1/Editor/Data/Resources/UnitySubsystems
[Subsystems] Discovering subsystems at path C:/Users/Cameron/OneDrive/Documents/unity_stuff/2d_sample/Rabby and Turty's Adventure/Assets
GfxDevice: creating device client; threaded=0; jobified=0
Direct3D:
    Version:  Direct3D 11.0 [level 11.1]
    Renderer: AMD Radeon RX 6600 (ID=0x73ff)
    Vendor:   ATI
    VRAM:     8147 MB
    Driver:   31.0.12029.10015
Initialize mono
Mono path[0] = 'C:/Program Files/Unity/Hub/Editor/2021.3.5f1/Editor/Data/Managed'
Mono path[1] = 'C:/Program Files/Unity/Hub/Editor/2021.3.5f1/Editor/Data/MonoBleedingEdge/lib/mono/unityjit-win32'
Mono config path = 'C:/Program Files/Unity/Hub/Editor/2021.3.5f1/Editor/Data/MonoBleedingEdge/etc'
Using monoOptions --debugger-agent=transport=dt_socket,embedding=1,server=y,suspend=n,address=127.0.0.1:56356
Begin MonoManager ReloadAssembly
Registering precompiled unity dll's ...
Register platform support module: C:/Program Files/Unity/Hub/Editor/2021.3.5f1/Editor/Data/PlaybackEngines/WindowsStandaloneSupport/UnityEditor.WindowsStandalone.Extensions.dll
Registered in 0.006045 seconds.
Native extension for WindowsStandalone target not found
Refreshing native plugins compatible for Editor in 94.62 ms, found 4 plugins.
Preloading 0 native plugins for Editor in 0.00 ms.
Mono: successfully reloaded assembly
- Completed reload, in  0.596 seconds
Domain Reload Profiling:
	ReloadAssembly (597ms)
		BeginReloadAssembly (63ms)
			ExecutionOrderSort (0ms)
			DisableScriptedObjects (0ms)
			BackupInstance (0ms)
			ReleaseScriptingObjects (0ms)
			CreateAndSetChildDomain (1ms)
		EndReloadAssembly (430ms)
			LoadAssemblies (61ms)
			RebuildTransferFunctionScriptingTraits (0ms)
			SetupTypeCache (90ms)
			ReleaseScriptCaches (0ms)
			RebuildScriptCaches (24ms)
			SetupLoadedEditorAssemblies (270ms)
				LogAssemblyErrors (0ms)
				InitializePlatformSupportModulesInManaged (7ms)
				SetLoadedEditorAssemblies (0ms)
				RefreshPlugins (95ms)
				BeforeProcessingInitializeOnLoad (1ms)
				ProcessInitializeOnLoadAttributes (122ms)
				ProcessInitializeOnLoadMethodAttributes (45ms)
				AfterProcessingInitializeOnLoad (0ms)
				EditorAssembliesLoaded (0ms)
			ExecutionOrderSort2 (0ms)
			AwakeInstancesAfterBackupRestoration (0ms)
Platform modules already initialized, skipping
Registering precompiled user dll's ...
Registered in 0.007428 seconds.
Begin MonoManager ReloadAssembly
Symbol file LoadedFromMemory doesn't match image C:\Users\Cameron\OneDrive\Documents\unity_stuff\2d_sample\Rabby and Turty's Adventure\Library\PackageCache\com.unity.visualscripting@1.7.8\Editor\VisualScripting.Core\Dependencies\YamlDotNet\Unity.VisualScripting.YamlDotNet.dll
Symbol file LoadedFromMemory doesn't match image C:\Users\Cameron\OneDrive\Documents\unity_stuff\2d_sample\Rabby and Turty's Adventure\Library\PackageCache\com.unity.visualscripting@1.7.8\Editor\VisualScripting.Core\Dependencies\DotNetZip\Unity.VisualScripting.IonicZip.dll
Native extension for WindowsStandalone target not found
Refreshing native plugins compatible for Editor in 100.12 ms, found 4 plugins.
Preloading 0 native plugins for Editor in 0.00 ms.
Mono: successfully reloaded assembly
- Completed reload, in  1.048 seconds
Domain Reload Profiling:
	ReloadAssembly (1049ms)
		BeginReloadAssembly (95ms)
			ExecutionOrderSort (0ms)
			DisableScriptedObjects (5ms)
			BackupInstance (0ms)
			ReleaseScriptingObjects (0ms)
			CreateAndSetChildDomain (17ms)
		EndReloadAssembly (842ms)
			LoadAssemblies (73ms)
			RebuildTransferFunctionScriptingTraits (0ms)
			SetupTypeCache (213ms)
			ReleaseScriptCaches (1ms)
			RebuildScriptCaches (55ms)
			SetupLoadedEditorAssemblies (459ms)
				LogAssemblyErrors (0ms)
				InitializePlatformSupportModulesInManaged (4ms)
				SetLoadedEditorAssemblies (0ms)
				RefreshPlugins (100ms)
				BeforeProcessingInitializeOnLoad (94ms)
				ProcessInitializeOnLoadAttributes (215ms)
				ProcessInitializeOnLoadMethodAttributes (39ms)
				AfterProcessingInitializeOnLoad (7ms)
				EditorAssembliesLoaded (0ms)
			ExecutionOrderSort2 (0ms)
			AwakeInstancesAfterBackupRestoration (5ms)
Platform modules already initialized, skipping
========================================================================
Worker process is ready to serve import requests
Launched and connected shader compiler UnityShaderCompiler.exe after 0.05 seconds
Refreshing native plugins compatible for Editor in 0.88 ms, found 4 plugins.
Preloading 0 native plugins for Editor in 0.00 ms.
Unloading 4057 Unused Serialized files (Serialized files now loaded: 0)
Unloading 44 unused Assets / (222.5 KB). Loaded Objects now: 4506.
Memory consumption went from 152.2 MB to 152.0 MB.
Total: 3.528500 ms (FindLiveObjects: 0.363000 ms CreateObjectMapping: 0.117900 ms MarkObjects: 2.888600 ms  DeleteObjects: 0.157400 ms)

AssetImportParameters requested are different than current active one (requested -> active):
  custom:video-decoder-ogg-theora: a1e56fd34408186e4bbccfd4996cb3dc -> 
  custom:container-muxer-webm: aa71ff27fc2769a1b78a27578f13a17b -> 
  custom:container-demuxer-webm: 4f35f7cbe854078d1ac9338744f61a02 -> 
  custom:video-encoder-webm-vp8: eb34c28f22e8b96e1ab97ce403110664 -> 
  custom:audio-encoder-webm-vorbis: bf7c407c2cedff20999df2af8eb42d56 -> 
  custom:framework-win-MediaFoundation: 216162199b28c13a410421893ffa2e32 -> 
  custom:container-demuxer-ogg: 62fdf1f143b41e24485cea50d1cbac27 -> 
  custom:video-decoder-webm-vp8: 9c59270c3fd7afecdb556c50c9e8de78 -> 
  custom:audio-decoder-ogg-vorbis: bf7c407c2cedff20999df2af8eb42d56 -> 
========================================================================
Received Import Request.
  Time since last request: 1255084.408996 seconds.
  path: Assets/Art/Levels/RandTMap_1.asset
  artifactKey: Guid(72791bd02caba9b4aa1b91c173408902) Importer(815301076,1909f56bfc062723c751e8b465ee728b)
Start importing Assets/Art/Levels/RandTMap_1.asset using Guid(72791bd02caba9b4aa1b91c173408902) Importer(815301076,1909f56bfc062723c751e8b465ee728b)  -> (artifact id: '99f6759003ff167771d065247daa523e') in 0.120648 seconds 
========================================================================
Received Import Request.
  Time since last request: 0.000030 seconds.
  path: Assets/Art/Levels/RandTMap_27.asset
  artifactKey: Guid(9f2f580127578e04a8f28b016bc36780) Importer(815301076,1909f56bfc062723c751e8b465ee728b)
Start importing Assets/Art/Levels/RandTMap_27.asset using Guid(9f2f580127578e04a8f28b016bc36780) Importer(815301076,1909f56bfc062723c751e8b465ee728b)  -> (artifact id: '3ab62de36017a25cb05e0e5b512f84ea') in 0.012894 seconds 
========================================================================
Received Import Request.
  Time since last request: 0.000028 seconds.
  path: Assets/Art/Levels/RandTMap_33.asset
  artifactKey: Guid(c8326e941392f2345b98388fbf5f7afd) Importer(815301076,1909f56bfc062723c751e8b465ee728b)
Start importing Assets/Art/Levels/RandTMap_33.asset using Guid(c8326e941392f2345b98388fbf5f7afd) Importer(815301076,1909f56bfc062723c751e8b465ee728b)  -> (artifact id: '4c8f8c0073820ce3f571683e76e7b4fb') in 0.015020 seconds 
========================================================================
Received Import Request.
  Time since last request: 0.000020 seconds.
  path: Assets/Art/Levels/RandTMap_7.asset
  artifactKey: Guid(1720f3e115fbee549b2dfa693c53ef0c) Importer(815301076,1909f56bfc062723c751e8b465ee728b)
Start importing Assets/Art/Levels/RandTMap_7.asset using Guid(1720f3e115fbee549b2dfa693c53ef0c) Importer(815301076,1909f56bfc062723c751e8b465ee728b)  -> (artifact id: '60c216f8e3bc96f43ff3cabf01b9e61f') in 0.013343 seconds 
========================================================================
Received Import Request.
  Time since last request: 0.000026 seconds.
  path: Assets/Art/Levels/RandTMap_26.asset
  artifactKey: Guid(9c94861be72580f479e1b05762ceabe0) Importer(815301076,1909f56bfc062723c751e8b465ee728b)
Start importing Assets/Art/Levels/RandTMap_26.asset using Guid(9c94861be72580f479e1b05762ceabe0) Importer(815301076,1909f56bfc062723c751e8b465ee728b)  -> (artifact id: '2e159f0c1dafc95cbf3ecf089a9c0f81') in 0.013523 seconds 
========================================================================
Received Import Request.
  Time since last request: 0.000037 seconds.
  path: Assets/Art/Levels/RandTMap_56.asset
  artifactKey: Guid(54e159f6cb855b34ba6b450af716142d) Importer(815301076,1909f56bfc062723c751e8b465ee728b)
Start importing Assets/Art/Levels/RandTMap_56.asset using Guid(54e159f6cb855b34ba6b450af716142d) Importer(815301076,1909f56bfc062723c751e8b465ee728b)  -> (artifact id: '62992d19232c1e8df93c9c5b7dcb204b') in 0.014109 seconds 
========================================================================
Received Import Request.
  Time since last request: 0.000060 seconds.
  path: Assets/Art/Levels/RandTMap_19.asset
  artifactKey: Guid(a770348d3f4b37f4c9ee01d6e90dfad4) Importer(815301076,1909f56bfc062723c751e8b465ee728b)
Start importing Assets/Art/Levels/RandTMap_19.asset using Guid(a770348d3f4b37f4c9ee01d6e90dfad4) Importer(815301076,1909f56bfc062723c751e8b465ee728b)  -> (artifact id: 'e59995e45767ee141576a608e6de5392') in 0.015271 seconds 
========================================================================
Received Import Request.
  Time since last request: 0.000030 seconds.
  path: Assets/Art/Levels/RandTMap_8.asset
  artifactKey: Guid(b1ed0cca4f8a78b43bd5dd46b17adf4c) Importer(815301076,1909f56bfc062723c751e8b465ee728b)
Start importing Assets/Art/Levels/RandTMap_8.asset using Guid(b1ed0cca4f8a78b43bd5dd46b17adf4c) Importer(815301076,1909f56bfc062723c751e8b465ee728b)  -> (artifact id: '69507479aab92b2f4bb137cfd37a4234') in 0.014359 seconds 
========================================================================
Received Import Request.
  Time since last request: 0.000024 seconds.
  path: Assets/Art/Levels/RandTMap_39.asset
  artifactKey: Guid(dcae0ab305c82734cac64316d1abd53a) Importer(815301076,1909f56bfc062723c751e8b465ee728b)
Start importing Assets/Art/Levels/RandTMap_39.asset using Guid(dcae0ab305c82734cac64316d1abd53a) Importer(815301076,1909f56bfc062723c751e8b465ee728b)  -> (artifact id: '1466054f3ab45369d97d9271a368e5d6') in 0.015598 seconds 
========================================================================
Received Import Request.
  Time since last request: 0.000037 seconds.
  path: Assets/Art/Levels/RandTMap_37.asset
  artifactKey: Guid(d9d8de3a2b61ac8408ba833200885e9f) Importer(815301076,1909f56bfc062723c751e8b465ee728b)
Start importing Assets/Art/Levels/RandTMap_37.asset using Guid(d9d8de3a2b61ac8408ba833200885e9f) Importer(815301076,1909f56bfc062723c751e8b465ee728b)  -> (artifact id: '7b56be6c8f209e57ee1693a292ee2c77') in 0.013362 seconds 
========================================================================
Received Import Request.
  Time since last request: 0.000035 seconds.
  path: Assets/Art/Levels/RandTMap_6.asset
  artifactKey: Guid(29563fa51fac0494290de7e8950a71a0) Importer(815301076,1909f56bfc062723c751e8b465ee728b)
Start importing Assets/Art/Levels/RandTMap_6.asset using Guid(29563fa51fac0494290de7e8950a71a0) Importer(815301076,1909f56bfc062723c751e8b465ee728b)  -> (artifact id: '3c6475109140991f7cb4f74616fc2574') in 0.014715 seconds 
========================================================================
Received Import Request.
  Time since last request: 0.000031 seconds.
  path: Assets/Art/Levels/RandTMap_41.asset
  artifactKey: Guid(eba520933d683074ba2b982d72b8bfa9) Importer(815301076,1909f56bfc062723c751e8b465ee728b)
Start importing Assets/Art/Levels/RandTMap_41.asset using Guid(eba520933d683074ba2b982d72b8bfa9) Importer(815301076,1909f56bfc062723c751e8b465ee728b)  -> (artifact id: '8ed35daed9c4ca7db0e112d29666b06b') in 0.013265 seconds 
========================================================================
Received Import Request.
  Time since last request: 0.000027 seconds.
  path: Assets/Art/Levels/RandTMap_17.asset
  artifactKey: Guid(f85298b6563d2394dba9f03c04691ae9) Importer(815301076,1909f56bfc062723c751e8b465ee728b)
Start importing Assets/Art/Levels/RandTMap_17.asset using Guid(f85298b6563d2394dba9f03c04691ae9) Importer(815301076,1909f56bfc062723c751e8b465ee728b)  -> (artifact id: '834fff153865437046e0242543317975') in 0.015461 seconds 
========================================================================
Received Import Request.
  Time since last request: 0.000028 seconds.
  path: Assets/Art/Levels/RandTMap_15.asset
  artifactKey: Guid(9e739f15cef51124789fcf75e9da6ce3) Importer(815301076,1909f56bfc062723c751e8b465ee728b)
Start importing Assets/Art/Levels/RandTMap_15.asset using Guid(9e739f15cef51124789fcf75e9da6ce3) Importer(815301076,1909f56bfc062723c751e8b465ee728b)  -> (artifact id: 'e943983ff74f8f06321b3b0f283f39b6') in 0.015134 seconds 
========================================================================
Received Import Request.
  Time since last request: 0.000035 seconds.
  path: Assets/Art/Levels/RandTMap_34.asset
  artifactKey: Guid(64fab0b10a318c24cbb071044a75f300) Importer(815301076,1909f56bfc062723c751e8b465ee728b)
Start importing Assets/Art/Levels/RandTMap_34.asset using Guid(64fab0b10a318c24cbb071044a75f300) Importer(815301076,1909f56bfc062723c751e8b465ee728b)  -> (artifact id: '558d8d4f41ebb81ea54070cc21356621') in 0.013710 seconds 
========================================================================
Received Import Request.
  Time since last request: 0.000029 seconds.
  path: Assets/Art/Levels/RandTMap_40.asset
  artifactKey: Guid(f115df6782b28874c92465e3163e9b76) Importer(815301076,1909f56bfc062723c751e8b465ee728b)
Start importing Assets/Art/Levels/RandTMap_40.asset using Guid(f115df6782b28874c92465e3163e9b76) Importer(815301076,1909f56bfc062723c751e8b465ee728b)  -> (artifact id: '061aae483dee5febc3fee3ffd85ce27c') in 0.017027 seconds 
========================================================================
Received Import Request.
  Time since last request: 0.000023 seconds.
  path: Assets/Art/Levels/RandTMap_14.asset
  artifactKey: Guid(336162478ed096c48af70eb8960c427e) Importer(815301076,1909f56bfc062723c751e8b465ee728b)
Start importing Assets/Art/Levels/RandTMap_14.asset using Guid(336162478ed096c48af70eb8960c427e) Importer(815301076,1909f56bfc062723c751e8b465ee728b)  -> (artifact id: '1c171e6c5355e2f4dad197a94b9a00fe') in 0.012805 seconds 
========================================================================
Received Import Request.
  Time since last request: 0.000044 seconds.
  path: Assets/Art/Levels/RandTMap_36.asset
  artifactKey: Guid(8455260606bbbe6438c0f72bbf33dff6) Importer(815301076,1909f56bfc062723c751e8b465ee728b)
Start importing Assets/Art/Levels/RandTMap_36.asset using Guid(8455260606bbbe6438c0f72bbf33dff6) Importer(815301076,1909f56bfc062723c751e8b465ee728b)  -> (artifact id: '2498e450b98af544d30c71d86618408d') in 0.014965 seconds 
Editor requested this worker to shutdown with reason: Scaling down because of idle timeout
AssetImportWorker is now disconnected from the server
Process exiting
Exiting without the bug reporter. Application will terminate with return code 0