Using pre-set license
Built from '2021.3/staging' branch; Version is '2021.3.5f1 (40eb3a945986) revision 4254522'; Using compiler version '192829333'; Build Type 'Release'
OS: 'Windows 10  (10.0.19044) 64bit Professional' Language: 'en' Physical Memory: 32672 MB
BatchMode: 1, IsHumanControllingUs: 0, StartBugReporterOnCrash: 0, Is64bit: 1, IsPro: 1

COMMAND LINE ARGUMENTS:
C:\Program Files\Unity\Hub\Editor\2021.3.5f1\Editor\Unity.exe
-adb2
-batchMode
-noUpm
-name
AssetImportWorker0
-projectPath
C:/Users/Cameron/OneDrive/Documents/unity_stuff/2d_sample/Rabby and Turty's Adventure
-logFile
Logs/AssetImportWorker0.log
-srvPort
52976
Successfully changed project path to: C:/Users/Cameron/OneDrive/Documents/unity_stuff/2d_sample/Rabby and Turty's Adventure
C:/Users/Cameron/OneDrive/Documents/unity_stuff/2d_sample/Rabby and Turty's Adventure
[UnityMemory] Configuration Parameters - Can be set up in boot.config
    "memorysetup-bucket-allocator-granularity=16"
    "memorysetup-bucket-allocator-bucket-count=8"
    "memorysetup-bucket-allocator-block-size=33554432"
    "memorysetup-bucket-allocator-block-count=8"
    "memorysetup-main-allocator-block-size=16777216"
    "memorysetup-thread-allocator-block-size=16777216"
    "memorysetup-gfx-main-allocator-block-size=16777216"
    "memorysetup-gfx-thread-allocator-block-size=16777216"
    "memorysetup-cache-allocator-block-size=4194304"
    "memorysetup-typetree-allocator-block-size=2097152"
    "memorysetup-profiler-bucket-allocator-granularity=16"
    "memorysetup-profiler-bucket-allocator-bucket-count=8"
    "memorysetup-profiler-bucket-allocator-block-size=33554432"
    "memorysetup-profiler-bucket-allocator-block-count=8"
    "memorysetup-profiler-allocator-block-size=16777216"
    "memorysetup-profiler-editor-allocator-block-size=1048576"
    "memorysetup-temp-allocator-size-main=16777216"
    "memorysetup-job-temp-allocator-block-size=2097152"
    "memorysetup-job-temp-allocator-block-size-background=1048576"
    "memorysetup-job-temp-allocator-reduction-small-platforms=262144"
    "memorysetup-temp-allocator-size-background-worker=32768"
    "memorysetup-temp-allocator-size-job-worker=262144"
    "memorysetup-temp-allocator-size-preload-manager=33554432"
    "memorysetup-temp-allocator-size-nav-mesh-worker=65536"
    "memorysetup-temp-allocator-size-audio-worker=65536"
    "memorysetup-temp-allocator-size-cloud-worker=32768"
    "memorysetup-temp-allocator-size-gi-baking-worker=262144"
    "memorysetup-temp-allocator-size-gfx=262144"
Refreshing native plugins compatible for Editor in 87.21 ms, found 4 plugins.
Preloading 0 native plugins for Editor in 0.00 ms.
Initialize engine version: 2021.3.5f1 (40eb3a945986)
[Subsystems] Discovering subsystems at path C:/Program Files/Unity/Hub/Editor/2021.3.5f1/Editor/Data/Resources/UnitySubsystems
[Subsystems] Discovering subsystems at path C:/Users/Cameron/OneDrive/Documents/unity_stuff/2d_sample/Rabby and Turty's Adventure/Assets
GfxDevice: creating device client; threaded=0; jobified=0
Direct3D:
    Version:  Direct3D 11.0 [level 11.1]
    Renderer: AMD Radeon RX 6600 (ID=0x73ff)
    Vendor:   ATI
    VRAM:     8147 MB
    Driver:   31.0.12029.10015
Initialize mono
Mono path[0] = 'C:/Program Files/Unity/Hub/Editor/2021.3.5f1/Editor/Data/Managed'
Mono path[1] = 'C:/Program Files/Unity/Hub/Editor/2021.3.5f1/Editor/Data/MonoBleedingEdge/lib/mono/unityjit-win32'
Mono config path = 'C:/Program Files/Unity/Hub/Editor/2021.3.5f1/Editor/Data/MonoBleedingEdge/etc'
Using monoOptions --debugger-agent=transport=dt_socket,embedding=1,server=y,suspend=n,address=127.0.0.1:56944
Begin MonoManager ReloadAssembly
Registering precompiled unity dll's ...
Register platform support module: C:/Program Files/Unity/Hub/Editor/2021.3.5f1/Editor/Data/PlaybackEngines/WindowsStandaloneSupport/UnityEditor.WindowsStandalone.Extensions.dll
Registered in 0.006124 seconds.
Native extension for WindowsStandalone target not found
Refreshing native plugins compatible for Editor in 87.15 ms, found 4 plugins.
Preloading 0 native plugins for Editor in 0.00 ms.
Mono: successfully reloaded assembly
- Completed reload, in  0.591 seconds
Domain Reload Profiling:
	ReloadAssembly (591ms)
		BeginReloadAssembly (65ms)
			ExecutionOrderSort (0ms)
			DisableScriptedObjects (0ms)
			BackupInstance (0ms)
			ReleaseScriptingObjects (0ms)
			CreateAndSetChildDomain (1ms)
		EndReloadAssembly (425ms)
			LoadAssemblies (63ms)
			RebuildTransferFunctionScriptingTraits (0ms)
			SetupTypeCache (93ms)
			ReleaseScriptCaches (0ms)
			RebuildScriptCaches (24ms)
			SetupLoadedEditorAssemblies (263ms)
				LogAssemblyErrors (0ms)
				InitializePlatformSupportModulesInManaged (7ms)
				SetLoadedEditorAssemblies (0ms)
				RefreshPlugins (87ms)
				BeforeProcessingInitializeOnLoad (2ms)
				ProcessInitializeOnLoadAttributes (127ms)
				ProcessInitializeOnLoadMethodAttributes (40ms)
				AfterProcessingInitializeOnLoad (0ms)
				EditorAssembliesLoaded (0ms)
			ExecutionOrderSort2 (0ms)
			AwakeInstancesAfterBackupRestoration (0ms)
Platform modules already initialized, skipping
Registering precompiled user dll's ...
Registered in 0.006693 seconds.
Begin MonoManager ReloadAssembly
Symbol file LoadedFromMemory doesn't match image C:\Users\Cameron\OneDrive\Documents\unity_stuff\2d_sample\Rabby and Turty's Adventure\Library\PackageCache\com.unity.visualscripting@1.7.8\Editor\VisualScripting.Core\Dependencies\YamlDotNet\Unity.VisualScripting.YamlDotNet.dll
Symbol file LoadedFromMemory doesn't match image C:\Users\Cameron\OneDrive\Documents\unity_stuff\2d_sample\Rabby and Turty's Adventure\Library\PackageCache\com.unity.visualscripting@1.7.8\Editor\VisualScripting.Core\Dependencies\DotNetZip\Unity.VisualScripting.IonicZip.dll
Native extension for WindowsStandalone target not found
Refreshing native plugins compatible for Editor in 98.31 ms, found 4 plugins.
Preloading 0 native plugins for Editor in 0.00 ms.
Mono: successfully reloaded assembly
- Completed reload, in  1.050 seconds
Domain Reload Profiling:
	ReloadAssembly (1051ms)
		BeginReloadAssembly (97ms)
			ExecutionOrderSort (0ms)
			DisableScriptedObjects (5ms)
			BackupInstance (0ms)
			ReleaseScriptingObjects (0ms)
			CreateAndSetChildDomain (17ms)
		EndReloadAssembly (843ms)
			LoadAssemblies (74ms)
			RebuildTransferFunctionScriptingTraits (0ms)
			SetupTypeCache (216ms)
			ReleaseScriptCaches (1ms)
			RebuildScriptCaches (51ms)
			SetupLoadedEditorAssemblies (458ms)
				LogAssemblyErrors (0ms)
				InitializePlatformSupportModulesInManaged (5ms)
				SetLoadedEditorAssemblies (0ms)
				RefreshPlugins (98ms)
				BeforeProcessingInitializeOnLoad (95ms)
				ProcessInitializeOnLoadAttributes (214ms)
				ProcessInitializeOnLoadMethodAttributes (38ms)
				AfterProcessingInitializeOnLoad (8ms)
				EditorAssembliesLoaded (0ms)
			ExecutionOrderSort2 (0ms)
			AwakeInstancesAfterBackupRestoration (5ms)
Platform modules already initialized, skipping
========================================================================
Worker process is ready to serve import requests
Launched and connected shader compiler UnityShaderCompiler.exe after 0.05 seconds
Refreshing native plugins compatible for Editor in 1.51 ms, found 4 plugins.
Preloading 0 native plugins for Editor in 0.00 ms.
Unloading 4057 Unused Serialized files (Serialized files now loaded: 0)
Unloading 44 unused Assets / (222.5 KB). Loaded Objects now: 4506.
Memory consumption went from 152.2 MB to 152.0 MB.
Total: 3.661500 ms (FindLiveObjects: 0.424100 ms CreateObjectMapping: 0.128200 ms MarkObjects: 2.918900 ms  DeleteObjects: 0.188800 ms)

AssetImportParameters requested are different than current active one (requested -> active):
  custom:video-decoder-ogg-theora: a1e56fd34408186e4bbccfd4996cb3dc -> 
  custom:container-muxer-webm: aa71ff27fc2769a1b78a27578f13a17b -> 
  custom:container-demuxer-webm: 4f35f7cbe854078d1ac9338744f61a02 -> 
  custom:video-encoder-webm-vp8: eb34c28f22e8b96e1ab97ce403110664 -> 
  custom:audio-encoder-webm-vorbis: bf7c407c2cedff20999df2af8eb42d56 -> 
  custom:framework-win-MediaFoundation: 216162199b28c13a410421893ffa2e32 -> 
  custom:container-demuxer-ogg: 62fdf1f143b41e24485cea50d1cbac27 -> 
  custom:video-decoder-webm-vp8: 9c59270c3fd7afecdb556c50c9e8de78 -> 
  custom:audio-decoder-ogg-vorbis: bf7c407c2cedff20999df2af8eb42d56 -> 
========================================================================
Received Import Request.
  Time since last request: 1254311.190199 seconds.
  path: Assets
  artifactKey: Guid(00000000000000001000000000000000) Importer(815301076,1909f56bfc062723c751e8b465ee728b)
Start importing Assets using Guid(00000000000000001000000000000000) Importer(815301076,1909f56bfc062723c751e8b465ee728b)  -> (artifact id: '79842766b460edbeab6a34051e857a80') in 0.013706 seconds 
========================================================================
Received Import Request.
  Time since last request: 0.108892 seconds.
  path: Assets/Art
  artifactKey: Guid(b202f7cdc2536fa4bb5c80ed0aa789dd) Importer(815301076,1909f56bfc062723c751e8b465ee728b)
Start importing Assets/Art using Guid(b202f7cdc2536fa4bb5c80ed0aa789dd) Importer(815301076,1909f56bfc062723c751e8b465ee728b)  -> (artifact id: 'abae4cb0a8878d5c4e74fc602ff8e3b1') in 0.007558 seconds 
========================================================================
Received Import Request.
  Time since last request: 4.910790 seconds.
  path: Assets/Art/RandTMap.png
  artifactKey: Guid(3a7b60c8ee45af04db310182e35ab46b) Importer(815301076,1909f56bfc062723c751e8b465ee728b)
Start importing Assets/Art/RandTMap.png using Guid(3a7b60c8ee45af04db310182e35ab46b) Importer(815301076,1909f56bfc062723c751e8b465ee728b)  -> (artifact id: 'dba274432564a618f9c26024770d2290') in 0.152055 seconds 
========================================================================
Received Import Request.
  Time since last request: 39.507995 seconds.
  path: Assets/Art/RandTMap.png
  artifactKey: Guid(3a7b60c8ee45af04db310182e35ab46b) Importer(815301076,1909f56bfc062723c751e8b465ee728b)
Start importing Assets/Art/RandTMap.png using Guid(3a7b60c8ee45af04db310182e35ab46b) Importer(815301076,1909f56bfc062723c751e8b465ee728b)  -> (artifact id: 'abc4af8e32096221534e2debaa717078') in 0.009912 seconds 
========================================================================
Received Import Request.
  Time since last request: 25.744243 seconds.
  path: Assets/Art/RandTMap.png
  artifactKey: Guid(3a7b60c8ee45af04db310182e35ab46b) Importer(815301076,1909f56bfc062723c751e8b465ee728b)
Start importing Assets/Art/RandTMap.png using Guid(3a7b60c8ee45af04db310182e35ab46b) Importer(815301076,1909f56bfc062723c751e8b465ee728b)  -> (artifact id: '74b68973d84a3b1ebe7225daf44f7a69') in 0.170251 seconds 
========================================================================
Received Import Request.
  Time since last request: 210.426500 seconds.
  path: Assets/Art/RandTMap.png
  artifactKey: Guid(3a7b60c8ee45af04db310182e35ab46b) Importer(815301076,1909f56bfc062723c751e8b465ee728b)
Start importing Assets/Art/RandTMap.png using Guid(3a7b60c8ee45af04db310182e35ab46b) Importer(815301076,1909f56bfc062723c751e8b465ee728b)  -> (artifact id: '3bce8fe9c7aef3f534b9f6d74ce0f5b4') in 0.111219 seconds 
========================================================================
Received Import Request.
  Time since last request: 368.582670 seconds.
  path: Assets/Art/Levels
  artifactKey: Guid(c9e7b7e8fe8bcfd4eab4ee91036ab782) Importer(815301076,1909f56bfc062723c751e8b465ee728b)
Start importing Assets/Art/Levels using Guid(c9e7b7e8fe8bcfd4eab4ee91036ab782) Importer(815301076,1909f56bfc062723c751e8b465ee728b)  -> (artifact id: '1628b3a8d481e246cd56678eba82142c') in 0.006964 seconds 
========================================================================
Received Import Request.
  Time since last request: 123.419976 seconds.
  path: Assets/Art/Levels/RandTMap_0.asset
  artifactKey: Guid(54b299e9dedb4434d9911334c21e6610) Importer(815301076,1909f56bfc062723c751e8b465ee728b)
Start importing Assets/Art/Levels/RandTMap_0.asset using Guid(54b299e9dedb4434d9911334c21e6610) Importer(815301076,1909f56bfc062723c751e8b465ee728b)  -> (artifact id: '583dc6b1129a3655e4de811486409054') in 0.063093 seconds 
========================================================================
Received Import Request.
  Time since last request: 0.000033 seconds.
  path: Assets/Art/Levels/RandTMap_16.asset
  artifactKey: Guid(c90d090dc7fb8224eadc305946a1962a) Importer(815301076,1909f56bfc062723c751e8b465ee728b)
Start importing Assets/Art/Levels/RandTMap_16.asset using Guid(c90d090dc7fb8224eadc305946a1962a) Importer(815301076,1909f56bfc062723c751e8b465ee728b)  -> (artifact id: 'f1892ed1e28319bd34cad28e088fb4fb') in 0.012689 seconds 
========================================================================
Received Import Request.
  Time since last request: 0.000057 seconds.
  path: Assets/Art/Levels/RandTMap_23.asset
  artifactKey: Guid(d1c15daade453c7419d82790c28d3c1f) Importer(815301076,1909f56bfc062723c751e8b465ee728b)
Start importing Assets/Art/Levels/RandTMap_23.asset using Guid(d1c15daade453c7419d82790c28d3c1f) Importer(815301076,1909f56bfc062723c751e8b465ee728b)  -> (artifact id: '060e6ac96511ec5b76d3ed144f4e6def') in 0.012035 seconds 
========================================================================
Received Import Request.
  Time since last request: 0.000027 seconds.
  path: Assets/Art/Levels/RandTMap_25.asset
  artifactKey: Guid(80f98f71950c15f45b479940b0295cbd) Importer(815301076,1909f56bfc062723c751e8b465ee728b)
Start importing Assets/Art/Levels/RandTMap_25.asset using Guid(80f98f71950c15f45b479940b0295cbd) Importer(815301076,1909f56bfc062723c751e8b465ee728b)  -> (artifact id: '4fc438217d34e8fda914df35c6ef816d') in 0.013245 seconds 
========================================================================
Received Import Request.
  Time since last request: 0.000021 seconds.
  path: Assets/Art/Levels/RandTMap_53.asset
  artifactKey: Guid(0538086ef1f642f44bdd42a1f084d434) Importer(815301076,1909f56bfc062723c751e8b465ee728b)
Start importing Assets/Art/Levels/RandTMap_53.asset using Guid(0538086ef1f642f44bdd42a1f084d434) Importer(815301076,1909f56bfc062723c751e8b465ee728b)  -> (artifact id: '187b7c9c94bb737d068675a5a0eb7b07') in 0.012533 seconds 
========================================================================
Received Import Request.
  Time since last request: 0.000028 seconds.
  path: Assets/Art/Levels/RandTMap_22.asset
  artifactKey: Guid(1bf67ace9faa0824fbdd7aad1b5673ec) Importer(815301076,1909f56bfc062723c751e8b465ee728b)
Start importing Assets/Art/Levels/RandTMap_22.asset using Guid(1bf67ace9faa0824fbdd7aad1b5673ec) Importer(815301076,1909f56bfc062723c751e8b465ee728b)  -> (artifact id: '14d99e9345a7d4b8850d0e2e53788d0f') in 0.013795 seconds 
========================================================================
Received Import Request.
  Time since last request: 0.000022 seconds.
  path: Assets/Art/Levels/RandTMap_30.asset
  artifactKey: Guid(e58b6eec5e5f0f74dbe51ae0726603a0) Importer(815301076,1909f56bfc062723c751e8b465ee728b)
Start importing Assets/Art/Levels/RandTMap_30.asset using Guid(e58b6eec5e5f0f74dbe51ae0726603a0) Importer(815301076,1909f56bfc062723c751e8b465ee728b)  -> (artifact id: '801e0b7cc57888389b6fb82b642c3930') in 0.013385 seconds 
========================================================================
Received Import Request.
  Time since last request: 0.000030 seconds.
  path: Assets/Art/Levels/RandTMap_18.asset
  artifactKey: Guid(1a2938b4d3eb1054ab5fd66d0a86af65) Importer(815301076,1909f56bfc062723c751e8b465ee728b)
Start importing Assets/Art/Levels/RandTMap_18.asset using Guid(1a2938b4d3eb1054ab5fd66d0a86af65) Importer(815301076,1909f56bfc062723c751e8b465ee728b)  -> (artifact id: 'e55ec3745a958e95f231dd52ef3e37fa') in 0.014663 seconds 
========================================================================
Received Import Request.
  Time since last request: 0.000027 seconds.
  path: Assets/Art/Levels/RandTMap_50.asset
  artifactKey: Guid(d2e9c07f830ae5840b5a4daa0c80005e) Importer(815301076,1909f56bfc062723c751e8b465ee728b)
Start importing Assets/Art/Levels/RandTMap_50.asset using Guid(d2e9c07f830ae5840b5a4daa0c80005e) Importer(815301076,1909f56bfc062723c751e8b465ee728b)  -> (artifact id: 'e45f69fbbd4ac9150b6b65b7de134879') in 0.013241 seconds 
========================================================================
Received Import Request.
  Time since last request: 0.000027 seconds.
  path: Assets/Art/Levels/RandTMap_47.asset
  artifactKey: Guid(31a322472f3e90e4aa6ec1878a53f6cd) Importer(815301076,1909f56bfc062723c751e8b465ee728b)
Start importing Assets/Art/Levels/RandTMap_47.asset using Guid(31a322472f3e90e4aa6ec1878a53f6cd) Importer(815301076,1909f56bfc062723c751e8b465ee728b)  -> (artifact id: '0edb50bc39da7f1e756677897b871837') in 0.016120 seconds 
========================================================================
Received Import Request.
  Time since last request: 0.000023 seconds.
  path: Assets/Art/Levels/RandTMap_58.asset
  artifactKey: Guid(f26437274eb762c45a6f930c9a5ea8cb) Importer(815301076,1909f56bfc062723c751e8b465ee728b)
Start importing Assets/Art/Levels/RandTMap_58.asset using Guid(f26437274eb762c45a6f930c9a5ea8cb) Importer(815301076,1909f56bfc062723c751e8b465ee728b)  -> (artifact id: '151c5eb6f5640f5427f39cf9bd785abe') in 0.013663 seconds 
========================================================================
Received Import Request.
  Time since last request: 0.000031 seconds.
  path: Assets/Art/Levels/RandTMap_5.asset
  artifactKey: Guid(02bfddd3809f1754596361fce68f7c02) Importer(815301076,1909f56bfc062723c751e8b465ee728b)
Start importing Assets/Art/Levels/RandTMap_5.asset using Guid(02bfddd3809f1754596361fce68f7c02) Importer(815301076,1909f56bfc062723c751e8b465ee728b)  -> (artifact id: '129e29e0d4c2aedf4515dfc14b83de21') in 0.014811 seconds 
========================================================================
Received Import Request.
  Time since last request: 0.000024 seconds.
  path: Assets/Art/Levels/RandTMap_51.asset
  artifactKey: Guid(ca3fe21a3c498284bbbbfd896fee69d1) Importer(815301076,1909f56bfc062723c751e8b465ee728b)
Start importing Assets/Art/Levels/RandTMap_51.asset using Guid(ca3fe21a3c498284bbbbfd896fee69d1) Importer(815301076,1909f56bfc062723c751e8b465ee728b)  -> (artifact id: 'af2574c279e248123eac691810b3c70b') in 0.012870 seconds 
========================================================================
Received Import Request.
  Time since last request: 0.000040 seconds.
  path: Assets/Art/Levels/RandTMap_29.asset
  artifactKey: Guid(df8dcbf21bc8e9a4d9311a5b2405e862) Importer(815301076,1909f56bfc062723c751e8b465ee728b)
Start importing Assets/Art/Levels/RandTMap_29.asset using Guid(df8dcbf21bc8e9a4d9311a5b2405e862) Importer(815301076,1909f56bfc062723c751e8b465ee728b)  -> (artifact id: '39753e7dadbfe9791c3e9f670b7219a5') in 0.014064 seconds 
========================================================================
Received Import Request.
  Time since last request: 0.000021 seconds.
  path: Assets/Art/Levels/RandTMap_3.asset
  artifactKey: Guid(f8eed84faadd50a4ca5dca1ac6640011) Importer(815301076,1909f56bfc062723c751e8b465ee728b)
Start importing Assets/Art/Levels/RandTMap_3.asset using Guid(f8eed84faadd50a4ca5dca1ac6640011) Importer(815301076,1909f56bfc062723c751e8b465ee728b)  -> (artifact id: '0dd2211ef2753fc2368c6659125f0862') in 0.012721 seconds 
========================================================================
Received Import Request.
  Time since last request: 0.000024 seconds.
  path: Assets/Art/Levels/RandTMap_57.asset
  artifactKey: Guid(05104d88f0b732b429f685a4c358eb90) Importer(815301076,1909f56bfc062723c751e8b465ee728b)
Start importing Assets/Art/Levels/RandTMap_57.asset using Guid(05104d88f0b732b429f685a4c358eb90) Importer(815301076,1909f56bfc062723c751e8b465ee728b)  -> (artifact id: '1fc1f1b6fc3ebb2384c7d18e4aba00c0') in 0.016071 seconds 
========================================================================
Received Import Request.
  Time since last request: 0.000028 seconds.
  path: Assets/Art/Levels/RandTMap_4.asset
  artifactKey: Guid(8f38093348c6b994aae93517800cbbb7) Importer(815301076,1909f56bfc062723c751e8b465ee728b)
Start importing Assets/Art/Levels/RandTMap_4.asset using Guid(8f38093348c6b994aae93517800cbbb7) Importer(815301076,1909f56bfc062723c751e8b465ee728b)  -> (artifact id: 'ce55eb489d6d93438b8974aa48cd5b57') in 0.014385 seconds 
========================================================================
Received Import Request.
  Time since last request: 0.000033 seconds.
  path: Assets/Art/Levels/RandTMap_28.asset
  artifactKey: Guid(ad8d4c117b5f3ed4d8e4be2bbb9d055c) Importer(815301076,1909f56bfc062723c751e8b465ee728b)
Start importing Assets/Art/Levels/RandTMap_28.asset using Guid(ad8d4c117b5f3ed4d8e4be2bbb9d055c) Importer(815301076,1909f56bfc062723c751e8b465ee728b)  -> (artifact id: '9315149392c0e743edbc3738f764ce85') in 0.012967 seconds 
========================================================================
Received Import Request.
  Time since last request: 0.000028 seconds.
  path: Assets/Art/Levels/RandTMap_52.asset
  artifactKey: Guid(6a3b6e7ee9107b04988aff424e2c25c6) Importer(815301076,1909f56bfc062723c751e8b465ee728b)
Start importing Assets/Art/Levels/RandTMap_52.asset using Guid(6a3b6e7ee9107b04988aff424e2c25c6) Importer(815301076,1909f56bfc062723c751e8b465ee728b)  -> (artifact id: '9774abeb439d7c92ec642dcb40914f57') in 0.015730 seconds 
========================================================================
Received Import Request.
  Time since last request: 0.000022 seconds.
  path: Assets/Art/Levels/RandTMap_48.asset
  artifactKey: Guid(c5ea4d004ea672846933a0859652b5f4) Importer(815301076,1909f56bfc062723c751e8b465ee728b)
Start importing Assets/Art/Levels/RandTMap_48.asset using Guid(c5ea4d004ea672846933a0859652b5f4) Importer(815301076,1909f56bfc062723c751e8b465ee728b)  -> (artifact id: 'cab5aa573572e630a61efc7a105de350') in 0.013047 seconds 
========================================================================
Received Import Request.
  Time since last request: 0.000027 seconds.
  path: Assets/Art/Levels/RandTMap_55.asset
  artifactKey: Guid(977d2bcf9a3e0a74ab6a4626656e3a68) Importer(815301076,1909f56bfc062723c751e8b465ee728b)
Start importing Assets/Art/Levels/RandTMap_55.asset using Guid(977d2bcf9a3e0a74ab6a4626656e3a68) Importer(815301076,1909f56bfc062723c751e8b465ee728b)  -> (artifact id: 'b22a4be3b97dd7c95f8e479effa25b93') in 0.013615 seconds 
========================================================================
Received Import Request.
  Time since last request: 0.000026 seconds.
  path: Assets/Art/Levels/RandTMap_38.asset
  artifactKey: Guid(52a1be98b26d59c4fbed6d3aca116aaf) Importer(815301076,1909f56bfc062723c751e8b465ee728b)
Start importing Assets/Art/Levels/RandTMap_38.asset using Guid(52a1be98b26d59c4fbed6d3aca116aaf) Importer(815301076,1909f56bfc062723c751e8b465ee728b)  -> (artifact id: 'd6c73d41f2d33f063780afe379b76ef9') in 0.012121 seconds 
Editor requested this worker to shutdown with reason: Scaling down because of idle timeout
AssetImportWorker is now disconnected from the server
Process exiting
Exiting without the bug reporter. Application will terminate with return code 0